This is XeTeX, Version 3.14159265-2.6-0.999991 (TeX Live 2019) (preloaded format=xelatex 2019.5.14)  2 SEP 2019 20:52
entering extended mode
 restricted \write18 enabled.
 file:line:error style messages enabled.
 %&-line parsing enabled.
**/Users/konglong/Documents/Applications/VSCode/Tars-hdproj/Specification/TARS_Specification
(/Users/konglong/Documents/Applications/VSCode/Tars-hdproj/Specification/TARS_Specification.tex
LaTeX2e <2018-12-01>
(/usr/local/texlive/2019/texmf-dist/tex/latex/ctex/ctexart.cls (/usr/local/texlive/2019/texmf-dist/tex/latex/l3kernel/expl3.sty
Package: expl3 2019-05-07 L3 programming layer (loader) 
 (/usr/local/texlive/2019/texmf-dist/tex/latex/l3kernel/expl3-code.tex
Package: expl3 2019-05-07 L3 programming layer (code)
\c_max_int=\count80
\l_tmpa_int=\count81
\l_tmpb_int=\count82
\g_tmpa_int=\count83
\g_tmpb_int=\count84
\g__kernel_prg_map_int=\count85
\c__ior_term_ior=\count86
\c_log_iow=\count87
\l_iow_line_count_int=\count88
\l__iow_line_target_int=\count89
\l__iow_one_indent_int=\count90
\l__iow_indent_int=\count91
\c_zero_dim=\dimen102
\c_max_dim=\dimen103
\l_tmpa_dim=\dimen104
\l_tmpb_dim=\dimen105
\g_tmpa_dim=\dimen106
\g_tmpb_dim=\dimen107
\c_zero_skip=\skip41
\c_max_skip=\skip42
\l_tmpa_skip=\skip43
\l_tmpb_skip=\skip44
\g_tmpa_skip=\skip45
\g_tmpb_skip=\skip46
\c_zero_muskip=\muskip10
\c_max_muskip=\muskip11
\l_tmpa_muskip=\muskip12
\l_tmpb_muskip=\muskip13
\g_tmpa_muskip=\muskip14
\g_tmpb_muskip=\muskip15
\l_keys_choice_int=\count92
\l__intarray_loop_int=\count93
\c__intarray_sp_dim=\dimen108
\g__intarray_font_int=\count94
\c__fp_leading_shift_int=\count95
\c__fp_middle_shift_int=\count96
\c__fp_trailing_shift_int=\count97
\c__fp_big_leading_shift_int=\count98
\c__fp_big_middle_shift_int=\count99
\c__fp_big_trailing_shift_int=\count100
\c__fp_Bigg_leading_shift_int=\count101
\c__fp_Bigg_middle_shift_int=\count102
\c__fp_Bigg_trailing_shift_int=\count103
\g__fp_array_int=\count104
\l__fp_array_loop_int=\count105
\l__sort_length_int=\count106
\l__sort_min_int=\count107
\l__sort_top_int=\count108
\l__sort_max_int=\count109
\l__sort_true_max_int=\count110
\l__sort_block_int=\count111
\l__sort_begin_int=\count112
\l__sort_end_int=\count113
\l__sort_A_int=\count114
\l__sort_B_int=\count115
\l__sort_C_int=\count116
\l__tl_analysis_normal_int=\count117
\l__tl_analysis_index_int=\count118
\l__tl_analysis_nesting_int=\count119
\l__tl_analysis_type_int=\count120
\l__regex_internal_a_int=\count121
\l__regex_internal_b_int=\count122
\l__regex_internal_c_int=\count123
\l__regex_balance_int=\count124
\l__regex_group_level_int=\count125
\l__regex_mode_int=\count126
\c__regex_cs_in_class_mode_int=\count127
\c__regex_cs_mode_int=\count128
\l__regex_catcodes_int=\count129
\l__regex_default_catcodes_int=\count130
\c__regex_catcode_L_int=\count131
\c__regex_catcode_O_int=\count132
\c__regex_catcode_A_int=\count133
\c__regex_all_catcodes_int=\count134
\l__regex_show_lines_int=\count135
\l__regex_min_state_int=\count136
\l__regex_max_state_int=\count137
\l__regex_left_state_int=\count138
\l__regex_right_state_int=\count139
\l__regex_capturing_group_int=\count140
\l__regex_min_pos_int=\count141
\l__regex_max_pos_int=\count142
\l__regex_curr_pos_int=\count143
\l__regex_start_pos_int=\count144
\l__regex_success_pos_int=\count145
\l__regex_curr_char_int=\count146
\l__regex_curr_catcode_int=\count147
\l__regex_last_char_int=\count148
\l__regex_case_changed_char_int=\count149
\l__regex_curr_state_int=\count150
\l__regex_step_int=\count151
\l__regex_min_active_int=\count152
\l__regex_max_active_int=\count153
\l__regex_replacement_csnames_int=\count154
\l__regex_match_count_int=\count155
\l__regex_min_submatch_int=\count156
\l__regex_submatch_int=\count157
\l__regex_zeroth_submatch_int=\count158
\g__regex_trace_regex_int=\count159
\c_empty_box=\box27
\l_tmpa_box=\box28
\l_tmpb_box=\box29
\g_tmpa_box=\box30
\g_tmpb_box=\box31
\l__box_top_dim=\dimen109
\l__box_bottom_dim=\dimen110
\l__box_left_dim=\dimen111
\l__box_right_dim=\dimen112
\l__box_top_new_dim=\dimen113
\l__box_bottom_new_dim=\dimen114
\l__box_left_new_dim=\dimen115
\l__box_right_new_dim=\dimen116
\l__box_internal_box=\box32
\l__coffin_internal_box=\box33
\l__coffin_internal_dim=\dimen117
\l__coffin_offset_x_dim=\dimen118
\l__coffin_offset_y_dim=\dimen119
\l__coffin_x_dim=\dimen120
\l__coffin_y_dim=\dimen121
\l__coffin_x_prime_dim=\dimen122
\l__coffin_y_prime_dim=\dimen123
\c_empty_coffin=\box34
\l__coffin_aligned_coffin=\box35
\l__coffin_aligned_internal_coffin=\box36
\l_tmpa_coffin=\box37
\l_tmpb_coffin=\box38
\g_tmpa_coffin=\box39
\g_tmpb_coffin=\box40
\l__coffin_bounding_shift_dim=\dimen124
\l__coffin_left_corner_dim=\dimen125
\l__coffin_right_corner_dim=\dimen126
\l__coffin_bottom_corner_dim=\dimen127
\l__coffin_top_corner_dim=\dimen128
\l__coffin_scaled_total_height_dim=\dimen129
\l__coffin_scaled_width_dim=\dimen130
\c__coffin_empty_coffin=\box41
\l__coffin_display_coffin=\box42
\l__coffin_display_coord_coffin=\box43
\l__coffin_display_pole_coffin=\box44
\l__coffin_display_offset_dim=\dimen131
\l__coffin_display_x_dim=\dimen132
\l__coffin_display_y_dim=\dimen133
\g__file_internal_ior=\read1
\l__seq_internal_a_int=\count160
\l__seq_internal_b_int=\count161
\c__deprecation_minus_one=\count162
) (/usr/local/texlive/2019/texmf-dist/tex/latex/l3kernel/l3xdvipdfmx.def
File: l3xdvipdfmx.def 2019-04-06 v L3 Experimental driver: xdvipdfmx
\g__driver_image_int=\count163
\l__driver_pdf_tmp_box=\box45
\g__driver_pdf_object_int=\count164
\g__driver_pdf_annotation_int=\count165
))
Document Class: ctexart 2019/04/07 v2.4.15 Chinese adapter for class article (CTEX)
(/usr/local/texlive/2019/texmf-dist/tex/latex/l3packages/xparse/xparse.sty
Package: xparse 2019-05-03 L3 Experimental document command parser
\l__xparse_current_arg_int=\count166
\g__xparse_grabber_int=\count167
\l__xparse_m_args_int=\count168
\l__xparse_v_nesting_int=\count169
) (/usr/local/texlive/2019/texmf-dist/tex/latex/l3packages/l3keys2e/l3keys2e.sty
Package: l3keys2e 2019-05-03 LaTeX2e option processing using LaTeX3 keys
) (/usr/local/texlive/2019/texmf-dist/tex/latex/ctex/ctexhook.sty
Package: ctexhook 2019/04/07 v2.4.15 Document and package hooks (CTEX)
) (/usr/local/texlive/2019/texmf-dist/tex/latex/ctex/ctexpatch.sty
Package: ctexpatch 2019/04/07 v2.4.15 Patching commands (CTEX)
) (/usr/local/texlive/2019/texmf-dist/tex/latex/base/fix-cm.sty
Package: fix-cm 2015/01/14 v1.1t fixes to LaTeX
 (/usr/local/texlive/2019/texmf-dist/tex/latex/base/ts1enc.def
File: ts1enc.def 2001/06/05 v3.0e (jk/car/fm) Standard LaTeX file
)) (/usr/local/texlive/2019/texmf-dist/tex/latex/ms/everysel.sty
Package: everysel 2011/10/28 v1.2 EverySelectfont Package (MS)
)
\l__ctex_tmp_int=\count170
\l__ctex_tmp_box=\box46
\l__ctex_tmp_dim=\dimen134
\g__ctex_section_depth_int=\count171
\g__ctex_font_size_int=\count172
 (/usr/local/texlive/2019/texmf-dist/tex/latex/ctex/config/ctexopts.cfg) (/usr/local/texlive/2019/texmf-dist/tex/latex/base/article.cls
Document Class: article 2018/09/03 v1.4i Standard LaTeX document class
(/usr/local/texlive/2019/texmf-dist/tex/latex/base/size10.clo
File: size10.clo 2018/09/03 v1.4i Standard LaTeX file (size option)
)
\c@part=\count173
\c@section=\count174
\c@subsection=\count175
\c@subsubsection=\count176
\c@paragraph=\count177
\c@subparagraph=\count178
\c@figure=\count179
\c@table=\count180
\abovecaptionskip=\skip47
\belowcaptionskip=\skip48
\bibindent=\dimen135
) (/usr/local/texlive/2019/texmf-dist/tex/latex/ctex/engine/ctex-engine-xetex.def
File: ctex-engine-xetex.def 2019/04/07 v2.4.15 XeLaTeX adapter (CTEX)
 (/usr/local/texlive/2019/texmf-dist/tex/xelatex/xecjk/xeCJK.sty
Package: xeCJK 2019/04/07 v3.7.2 Typesetting CJK scripts with XeLaTeX
 (/usr/local/texlive/2019/texmf-dist/tex/latex/l3packages/xtemplate/xtemplate.sty
Package: xtemplate 2019-05-03 L3 Experimental prototype document functions
\l__xtemplate_tmp_dim=\dimen136
\l__xtemplate_tmp_int=\count181
\l__xtemplate_tmp_muskip=\muskip16
\l__xtemplate_tmp_skip=\skip49
)
\l__xeCJK_tmp_int=\count182
\l__xeCJK_tmp_box=\box47
\l__xeCJK_tmp_dim=\dimen137
\l__xeCJK_tmp_skip=\skip50
\g__xeCJK_space_factor_int=\count183
\l__xeCJK_begin_int=\count184
\l__xeCJK_end_int=\count185
\c__xeCJK_CJK_class_int=\XeTeXcharclass1
\c__xeCJK_FullLeft_class_int=\XeTeXcharclass2
\c__xeCJK_FullRight_class_int=\XeTeXcharclass3
\c__xeCJK_HalfLeft_class_int=\XeTeXcharclass4
\c__xeCJK_HalfRight_class_int=\XeTeXcharclass5
\c__xeCJK_NormalSpace_class_int=\XeTeXcharclass6
\c__xeCJK_CM_class_int=\XeTeXcharclass7
\c__xeCJK_HangulJamo_class_int=\XeTeXcharclass8
\l__xeCJK_last_skip=\skip51
\g__xeCJK_node_int=\count186
\c__xeCJK_CJK_node_dim=\dimen138
\c__xeCJK_CJK-space_node_dim=\dimen139
\c__xeCJK_default_node_dim=\dimen140
\c__xeCJK_default-space_node_dim=\dimen141
\c__xeCJK_CJK-widow_node_dim=\dimen142
\c__xeCJK_normalspace_node_dim=\dimen143
\l__xeCJK_ccglue_skip=\skip52
\l__xeCJK_ecglue_skip=\skip53
\l__xeCJK_punct_kern_skip=\skip54
\l__xeCJK_last_penalty_int=\count187
\l__xeCJK_last_bound_dim=\dimen144
\l__xeCJK_last_kern_dim=\dimen145
\l__xeCJK_widow_penalty_int=\count188

Package xtemplate Info: Declaring object type 'xeCJK/punctuation' taking 0
(xtemplate)             argument(s) on line 2352.

\l__xeCJK_fixed_punct_width_dim=\dimen146
\l__xeCJK_mixed_punct_width_dim=\dimen147
\l__xeCJK_middle_punct_width_dim=\dimen148
\l__xeCJK_fixed_margin_width_dim=\dimen149
\l__xeCJK_mixed_margin_width_dim=\dimen150
\l__xeCJK_middle_margin_width_dim=\dimen151
\l__xeCJK_bound_punct_width_dim=\dimen152
\l__xeCJK_bound_margin_width_dim=\dimen153
\l__xeCJK_margin_minimum_dim=\dimen154
\l__xeCJK_kerning_total_width_dim=\dimen155
\l__xeCJK_same_align_margin_dim=\dimen156
\l__xeCJK_different_align_margin_dim=\dimen157
\l__xeCJK_kerning_margin_width_dim=\dimen158
\l__xeCJK_kerning_margin_minimum_dim=\dimen159
\l__xeCJK_bound_dim=\dimen160
\l__xeCJK_reverse_bound_dim=\dimen161
\l__xeCJK_minimum_bound_dim=\dimen162
\l__xeCJK_kerning_margin_dim=\dimen163
\l__xeCJK_original_margin_dim=\dimen164
\g__xeCJK_family_int=\count189
\l__xeCJK_fam_int=\count190
\g__xeCJK_fam_allocation_int=\count191
\l__xeCJK_verb_case_int=\count192
\l__xeCJK_verb_exspace_skip=\skip55
 (/usr/local/texlive/2019/texmf-dist/tex/latex/fontspec/fontspec.sty
Package: fontspec 2019/03/15 v2.7c Font selection for XeLaTeX and LuaLaTeX
 (/usr/local/texlive/2019/texmf-dist/tex/latex/fontspec/fontspec-xetex.sty
Package: fontspec-xetex 2019/03/15 v2.7c Font selection for XeLaTeX and LuaLaTeX
\l__fontspec_script_int=\count193
\l__fontspec_language_int=\count194
\l__fontspec_strnum_int=\count195
\l__fontspec_tmp_int=\count196
\l__fontspec_tmpa_int=\count197
\l__fontspec_tmpb_int=\count198
\l__fontspec_tmpc_int=\count199
\l__fontspec_em_int=\count266
\l__fontspec_emdef_int=\count267
\l__fontspec_strong_int=\count268
\l__fontspec_strongdef_int=\count269
\l__fontspec_tmpa_dim=\dimen165
\l__fontspec_tmpb_dim=\dimen166
\l__fontspec_tmpc_dim=\dimen167
 (/usr/local/texlive/2019/texmf-dist/tex/latex/base/fontenc.sty
Package: fontenc 2018/08/11 v2.0j Standard LaTeX package
 (/usr/local/texlive/2019/texmf-dist/tex/latex/base/tuenc.def
File: tuenc.def 2018/08/11 v2.0j Standard LaTeX file
LaTeX Font Info:    Redeclaring font encoding TU on input line 82.
)) (/usr/local/texlive/2019/texmf-dist/tex/latex/fontspec/fontspec.cfg)
LaTeX Info: Redefining \itshape on input line 4051.
LaTeX Info: Redefining \slshape on input line 4056.
LaTeX Info: Redefining \scshape on input line 4061.
LaTeX Info: Redefining \upshape on input line 4066.
LaTeX Info: Redefining \em on input line 4096.
LaTeX Info: Redefining \emph on input line 4121.
)) (/usr/local/texlive/2019/texmf-dist/tex/xelatex/xecjk/xeCJK.cfg
File: xeCJK.cfg 2019/04/07 v3.7.2 Configuration file for xeCJK package
)) (/usr/local/texlive/2019/texmf-dist/tex/xelatex/xecjk/xeCJKfntef.sty
Package: xeCJKfntef 2019/04/07 v3.7.2 xeCJK font effect
 (/usr/local/texlive/2019/texmf-dist/tex/generic/ulem/ulem.sty
\UL@box=\box48
\UL@hyphenbox=\box49
\UL@skip=\skip56
\UL@hook=\toks14
\UL@height=\dimen168
\UL@pe=\count270
\UL@pixel=\dimen169
\ULC@box=\box50
Package: ulem 2012/05/18
\ULdepth=\dimen170
) (/usr/local/texlive/2019/texmf-dist/tex/latex/cjk/texinput/CJKfntef.sty
Package: CJKfntef 2015/04/18 4.8.4
\CJK@fntefSkip=\skip57
\CJK@nest=\count271
\CJK@fntefDimen=\dimen171
\CJK@underdotBox=\box51
\CJK@ULbox=\box52
\CJK@underanyskip=\dimen172
)
\l__xeCJK_space_skip=\skip58
\c__xeCJK_ulem-begin_node_dim=\dimen173
\c__xeCJK_null_box=\box53
\l__xeCJK_fntef_box=\box54
\l__xeCJK_under_symbol_box=\box55
\c__xeCJK_filll_skip=\skip59
)
\ccwd=\dimen174
\l__ctex_ccglue_skip=\skip60
)
\l__ctex_ziju_dim=\dimen175
 (/usr/local/texlive/2019/texmf-dist/tex/latex/zhnumber/zhnumber.sty
Package: zhnumber 2019/04/07 v2.7 Typesetting numbers with Chinese glyphs
\l__zhnum_scale_int=\count272
 (/usr/local/texlive/2019/texmf-dist/tex/latex/zhnumber/zhnumber-utf8.cfg
File: zhnumber-utf8.cfg 2019/04/07 v2.7 Chinese numerals with UTF8 encoding
))
\l__ctex_heading_skip=\skip61
 (/usr/local/texlive/2019/texmf-dist/tex/latex/ctex/scheme/ctex-scheme-chinese-article.def
File: ctex-scheme-chinese-article.def 2019/04/07 v2.4.15 Chinese scheme for article (CTEX)
 (/usr/local/texlive/2019/texmf-dist/tex/latex/ctex/config/ctex-name-utf8.cfg
File: ctex-name-utf8.cfg 2019/04/07 v2.4.15 Caption with encoding UTF8 (CTEX)
)) (/usr/local/texlive/2019/texmf-dist/tex/latex/ctex/ctex-c5size.clo
File: ctex-c5size.clo 2019/04/07 v2.4.15 c5size option (CTEX)
) (/usr/local/texlive/2019/texmf-dist/tex/latex/ctex/fontset/ctex-fontset-mac.def
File: ctex-fontset-mac.def 2019/04/07 v2.4.15 Mac OS X fonts definition (CTEX)
 (/usr/local/texlive/2019/texmf-dist/tex/latex/ctex/fontset/ctex-fontset-macnew.def
File: ctex-fontset-macnew.def 2019/04/07 v2.4.15 Mac OS X fonts definition for El Capitan or later version (CTEX)


Package fontspec Warning: Font "Songti SC Light" does not contain requested
(fontspec)                Script "CJK".


Package fontspec Info: Font family 'SongtiSC(0)' created for font 'Songti SC'
(fontspec)             with options [Script={CJK},UprightFont={*
(fontspec)             Light},BoldItalicFont={Kaiti SC Bold},BoldFont={*
(fontspec)             Bold},ItalicFont={Kaiti SC}].
(fontspec)              
(fontspec)              This font family consists of the following NFSS
(fontspec)             series/shapes:
(fontspec)              
(fontspec)             - 'normal' (m/n) with NFSS spec.: <->"Songti SC
(fontspec)             Light/OT"
(fontspec)             - 'small caps'  (m/sc) with NFSS spec.: 
(fontspec)             - 'bold' (bx/n) with NFSS spec.: <->"Songti SC Bold/OT"
(fontspec)             - 'bold small caps'  (bx/sc) with NFSS spec.: 
(fontspec)             - 'italic' (m/it) with NFSS spec.: <->"Kaiti SC/OT"
(fontspec)             - 'italic small caps'  (m/itsc) with NFSS spec.: 
(fontspec)             - 'bold italic' (bx/it) with NFSS spec.: <->"Kaiti SC
(fontspec)             Bold/OT"
(fontspec)             - 'bold italic small caps'  (bx/itsc) with NFSS spec.: 

))) (/usr/local/texlive/2019/texmf-dist/tex/latex/ctex/config/ctex.cfg (/usr/local/texlive/2019/texmf-dist/tex/generic/ifxetex/ifxetex.sty
Package: ifxetex 2010/09/12 v0.6 Provides ifxetex conditional
)

Package xeCJK Warning: Redefining CJKfamily `\CJKrmdefault' (SongtiSC(0)).


Package fontspec Warning: Font "FandolSong-Regular" does not contain requested
(fontspec)                Script "CJK".


Package fontspec Info: Font family 'FandolSong-Regular.otf(0)' created for
(fontspec)             font 'FandolSong-Regular.otf' with options
(fontspec)             [Script={CJK},BoldFont={FandolSong-Bold.otf},ItalicFont={FandolKai-Regular.otf}].
(fontspec)              
(fontspec)              This font family consists of the following NFSS
(fontspec)             series/shapes:
(fontspec)              
(fontspec)             - 'normal' (m/n) with NFSS spec.:
(fontspec)             <->"[FandolSong-Regular.otf]/OT"
(fontspec)             - 'small caps'  (m/sc) with NFSS spec.: 
(fontspec)             - 'bold' (bx/n) with NFSS spec.:
(fontspec)             <->"[FandolSong-Bold.otf]/OT"
(fontspec)             - 'bold small caps'  (bx/sc) with NFSS spec.: 
(fontspec)             - 'italic' (m/it) with NFSS spec.:
(fontspec)             <->"[FandolKai-Regular.otf]/OT"
(fontspec)             - 'italic small caps'  (m/itsc) with NFSS spec.: 


Package xeCJK Warning: Redefining CJKfamily `\CJKsfdefault' (PingFang SC).


Package xeCJK Warning: Redefining CJKfamily `\CJKttdefault' (STFangsong).

) (/usr/local/texlive/2019/texmf-dist/tex/latex/fancyhdr/fancyhdr.sty
Package: fancyhdr 2019/01/31 v3.10 Extensive control of page headers and footers
\f@nch@headwidth=\skip62
\f@nch@O@elh=\skip63
\f@nch@O@erh=\skip64
\f@nch@O@olh=\skip65
\f@nch@O@orh=\skip66
\f@nch@O@elf=\skip67
\f@nch@O@erf=\skip68
\f@nch@O@olf=\skip69
\f@nch@O@orf=\skip70
) (/usr/local/texlive/2019/texmf-dist/tex/latex/fancyhdr/extramarks.sty
Package: extramarks 2019/01/31 v3.10 Extra marks for LaTeX
\@temptokenb=\toks15
) (/usr/local/texlive/2019/texmf-dist/tex/latex/amsmath/amsmath.sty
Package: amsmath 2018/12/01 v2.17b AMS math features
\@mathmargin=\skip71

For additional information on amsmath, use the `?' option.
(/usr/local/texlive/2019/texmf-dist/tex/latex/amsmath/amstext.sty
Package: amstext 2000/06/29 v2.01 AMS text
 (/usr/local/texlive/2019/texmf-dist/tex/latex/amsmath/amsgen.sty
File: amsgen.sty 1999/11/30 v2.0 generic functions
\@emptytoks=\toks16
\ex@=\dimen176
)) (/usr/local/texlive/2019/texmf-dist/tex/latex/amsmath/amsbsy.sty
Package: amsbsy 1999/11/29 v1.2d Bold Symbols
\pmbraise@=\dimen177
) (/usr/local/texlive/2019/texmf-dist/tex/latex/amsmath/amsopn.sty
Package: amsopn 2016/03/08 v2.02 operator names
)
\inf@bad=\count273
LaTeX Info: Redefining \frac on input line 223.
\uproot@=\count274
\leftroot@=\count275
LaTeX Info: Redefining \overline on input line 385.
\classnum@=\count276
\DOTSCASE@=\count277
LaTeX Info: Redefining \ldots on input line 482.
LaTeX Info: Redefining \dots on input line 485.
LaTeX Info: Redefining \cdots on input line 606.
\Mathstrutbox@=\box56
\strutbox@=\box57
\big@size=\dimen178
LaTeX Font Info:    Redeclaring font encoding OML on input line 729.
LaTeX Font Info:    Redeclaring font encoding OMS on input line 730.
\macc@depth=\count278
\c@MaxMatrixCols=\count279
\dotsspace@=\muskip17
\c@parentequation=\count280
\dspbrk@lvl=\count281
\tag@help=\toks17
\row@=\count282
\column@=\count283
\maxfields@=\count284
\andhelp@=\toks18
\eqnshift@=\dimen179
\alignsep@=\dimen180
\tagshift@=\dimen181
\tagwidth@=\dimen182
\totwidth@=\dimen183
\lineht@=\dimen184
\@envbody=\toks19
\multlinegap=\skip72
\multlinetaggap=\skip73
\mathdisplay@stack=\toks20
LaTeX Info: Redefining \[ on input line 2844.
LaTeX Info: Redefining \] on input line 2845.
) (/usr/local/texlive/2019/texmf-dist/tex/latex/amsfonts/amssymb.sty
Package: amssymb 2013/01/14 v3.01 AMS font symbols
 (/usr/local/texlive/2019/texmf-dist/tex/latex/amsfonts/amsfonts.sty
Package: amsfonts 2013/01/14 v3.01 Basic AMSFonts support
\symAMSa=\mathgroup4
\symAMSb=\mathgroup5
LaTeX Font Info:    Overwriting math alphabet `\mathfrak' in version `bold'
(Font)                  U/euf/m/n --> U/euf/b/n on input line 106.
)) (/usr/local/texlive/2019/texmf-dist/tex/latex/base/latexsym.sty
Package: latexsym 1998/08/17 v2.2e Standard LaTeX package (lasy symbols)
\symlasy=\mathgroup6
LaTeX Font Info:    Overwriting symbol font `lasy' in version `bold'
(Font)                  U/lasy/m/n --> U/lasy/b/n on input line 52.
) (/usr/local/texlive/2019/texmf-dist/tex/latex/amscls/amsthm.sty
Package: amsthm 2017/10/31 v2.20.4
\thm@style=\toks21
\thm@bodyfont=\toks22
\thm@headfont=\toks23
\thm@notefont=\toks24
\thm@headpunct=\toks25
\thm@preskip=\skip74
\thm@postskip=\skip75
\thm@headsep=\skip76
\dth@everypar=\toks26
) (/usr/local/texlive/2019/texmf-dist/tex/latex/pgf/frontendlayer/tikz.sty (/usr/local/texlive/2019/texmf-dist/tex/latex/pgf/basiclayer/pgf.sty (/usr/local/texlive/2019/texmf-dist/tex/latex/pgf/utilities/pgfrcs.sty (/usr/local/texlive/2019/texmf-dist/tex/generic/pgf/utilities/pgfutil-common.tex
\pgfutil@everybye=\toks27
\pgfutil@tempdima=\dimen185
\pgfutil@tempdimb=\dimen186
 (/usr/local/texlive/2019/texmf-dist/tex/generic/pgf/utilities/pgfutil-common-lists.tex)) (/usr/local/texlive/2019/texmf-dist/tex/generic/pgf/utilities/pgfutil-latex.def
\pgfutil@abb=\box58
 (/usr/local/texlive/2019/texmf-dist/tex/latex/ms/everyshi.sty
Package: everyshi 2001/05/15 v3.00 EveryShipout Package (MS)
)) (/usr/local/texlive/2019/texmf-dist/tex/generic/pgf/utilities/pgfrcs.code.tex (/usr/local/texlive/2019/texmf-dist/tex/generic/pgf/pgf.revision.tex)
Package: pgfrcs 2019/04/04 v3.1.2 (3.1.2)
))
Package: pgf 2019/04/04 v3.1.2 (3.1.2)
 (/usr/local/texlive/2019/texmf-dist/tex/latex/pgf/basiclayer/pgfcore.sty (/usr/local/texlive/2019/texmf-dist/tex/latex/graphics/graphicx.sty
Package: graphicx 2017/06/01 v1.1a Enhanced LaTeX Graphics (DPC,SPQR)
 (/usr/local/texlive/2019/texmf-dist/tex/latex/graphics/keyval.sty
Package: keyval 2014/10/28 v1.15 key=value parser (DPC)
\KV@toks@=\toks28
) (/usr/local/texlive/2019/texmf-dist/tex/latex/graphics/graphics.sty
Package: graphics 2017/06/25 v1.2c Standard LaTeX Graphics (DPC,SPQR)
 (/usr/local/texlive/2019/texmf-dist/tex/latex/graphics/trig.sty
Package: trig 2016/01/03 v1.10 sin cos tan (DPC)
) (/usr/local/texlive/2019/texmf-dist/tex/latex/graphics-cfg/graphics.cfg
File: graphics.cfg 2016/06/04 v1.11 sample graphics configuration
)
Package graphics Info: Driver file: xetex.def on input line 99.
 (/usr/local/texlive/2019/texmf-dist/tex/latex/graphics-def/xetex.def
File: xetex.def 2017/06/24 v5.0h Graphics/color driver for xetex
))
\Gin@req@height=\dimen187
\Gin@req@width=\dimen188
) (/usr/local/texlive/2019/texmf-dist/tex/latex/pgf/systemlayer/pgfsys.sty (/usr/local/texlive/2019/texmf-dist/tex/generic/pgf/systemlayer/pgfsys.code.tex
Package: pgfsys 2019/04/04 v3.1.2 (3.1.2)
 (/usr/local/texlive/2019/texmf-dist/tex/generic/pgf/utilities/pgfkeys.code.tex
\pgfkeys@pathtoks=\toks29
\pgfkeys@temptoks=\toks30
 (/usr/local/texlive/2019/texmf-dist/tex/generic/pgf/utilities/pgfkeysfiltered.code.tex
\pgfkeys@tmptoks=\toks31
))
\pgf@x=\dimen189
\pgf@y=\dimen190
\pgf@xa=\dimen191
\pgf@ya=\dimen192
\pgf@xb=\dimen193
\pgf@yb=\dimen194
\pgf@xc=\dimen195
\pgf@yc=\dimen196
\w@pgf@writea=\write3
\r@pgf@reada=\read2
\c@pgf@counta=\count285
\c@pgf@countb=\count286
\c@pgf@countc=\count287
\c@pgf@countd=\count288
\t@pgf@toka=\toks32
\t@pgf@tokb=\toks33
\t@pgf@tokc=\toks34
\pgf@sys@id@count=\count289
 (/usr/local/texlive/2019/texmf-dist/tex/generic/pgf/systemlayer/pgf.cfg
File: pgf.cfg 2019/04/04 v3.1.2 (3.1.2)
)
Driver file for pgf: pgfsys-xetex.def
 (/usr/local/texlive/2019/texmf-dist/tex/generic/pgf/systemlayer/pgfsys-xetex.def
File: pgfsys-xetex.def 2019/04/04 v3.1.2 (3.1.2)
 (/usr/local/texlive/2019/texmf-dist/tex/generic/pgf/systemlayer/pgfsys-dvipdfmx.def
File: pgfsys-dvipdfmx.def 2019/04/04 v3.1.2 (3.1.2)
 (/usr/local/texlive/2019/texmf-dist/tex/generic/pgf/systemlayer/pgfsys-common-pdf.def
File: pgfsys-common-pdf.def 2019/04/04 v3.1.2 (3.1.2)
)
\pgfsys@objnum=\count290
))) (/usr/local/texlive/2019/texmf-dist/tex/generic/pgf/systemlayer/pgfsyssoftpath.code.tex
File: pgfsyssoftpath.code.tex 2019/04/04 v3.1.2 (3.1.2)
\pgfsyssoftpath@smallbuffer@items=\count291
\pgfsyssoftpath@bigbuffer@items=\count292
) (/usr/local/texlive/2019/texmf-dist/tex/generic/pgf/systemlayer/pgfsysprotocol.code.tex
File: pgfsysprotocol.code.tex 2019/04/04 v3.1.2 (3.1.2)
)) (/usr/local/texlive/2019/texmf-dist/tex/latex/xcolor/xcolor.sty
Package: xcolor 2016/05/11 v2.12 LaTeX color extensions (UK)
 (/usr/local/texlive/2019/texmf-dist/tex/latex/graphics-cfg/color.cfg
File: color.cfg 2016/01/02 v1.6 sample color configuration
)
Package xcolor Info: Driver file: xetex.def on input line 225.
Package xcolor Info: Model `cmy' substituted by `cmy0' on input line 1348.
Package xcolor Info: Model `RGB' extended on input line 1364.
Package xcolor Info: Model `HTML' substituted by `rgb' on input line 1366.
Package xcolor Info: Model `Hsb' substituted by `hsb' on input line 1367.
Package xcolor Info: Model `tHsb' substituted by `hsb' on input line 1368.
Package xcolor Info: Model `HSB' substituted by `hsb' on input line 1369.
Package xcolor Info: Model `Gray' substituted by `gray' on input line 1370.
Package xcolor Info: Model `wave' substituted by `hsb' on input line 1371.
) (/usr/local/texlive/2019/texmf-dist/tex/generic/pgf/basiclayer/pgfcore.code.tex
Package: pgfcore 2019/04/04 v3.1.2 (3.1.2)
 (/usr/local/texlive/2019/texmf-dist/tex/generic/pgf/math/pgfmath.code.tex (/usr/local/texlive/2019/texmf-dist/tex/generic/pgf/math/pgfmathcalc.code.tex (/usr/local/texlive/2019/texmf-dist/tex/generic/pgf/math/pgfmathutil.code.tex) (/usr/local/texlive/2019/texmf-dist/tex/generic/pgf/math/pgfmathparser.code.tex
\pgfmath@dimen=\dimen197
\pgfmath@count=\count293
\pgfmath@box=\box59
\pgfmath@toks=\toks35
\pgfmath@stack@operand=\toks36
\pgfmath@stack@operation=\toks37
) (/usr/local/texlive/2019/texmf-dist/tex/generic/pgf/math/pgfmathfunctions.code.tex (/usr/local/texlive/2019/texmf-dist/tex/generic/pgf/math/pgfmathfunctions.basic.code.tex) (/usr/local/texlive/2019/texmf-dist/tex/generic/pgf/math/pgfmathfunctions.trigonometric.code.tex) (/usr/local/texlive/2019/texmf-dist/tex/generic/pgf/math/pgfmathfunctions.random.code.tex) (/usr/local/texlive/2019/texmf-dist/tex/generic/pgf/math/pgfmathfunctions.comparison.code.tex) (/usr/local/texlive/2019/texmf-dist/tex/generic/pgf/math/pgfmathfunctions.base.code.tex) (/usr/local/texlive/2019/texmf-dist/tex/generic/pgf/math/pgfmathfunctions.round.code.tex) (/usr/local/texlive/2019/texmf-dist/tex/generic/pgf/math/pgfmathfunctions.misc.code.tex) (/usr/local/texlive/2019/texmf-dist/tex/generic/pgf/math/pgfmathfunctions.integerarithmetics.code.tex))) (/usr/local/texlive/2019/texmf-dist/tex/generic/pgf/math/pgfmathfloat.code.tex
\c@pgfmathroundto@lastzeros=\count294
)) (/usr/local/texlive/2019/texmf-dist/tex/generic/pgf/basiclayer/pgfcorepoints.code.tex
File: pgfcorepoints.code.tex 2019/04/04 v3.1.2 (3.1.2)
\pgf@picminx=\dimen198
\pgf@picmaxx=\dimen199
\pgf@picminy=\dimen256
\pgf@picmaxy=\dimen257
\pgf@pathminx=\dimen258
\pgf@pathmaxx=\dimen259
\pgf@pathminy=\dimen260
\pgf@pathmaxy=\dimen261
\pgf@xx=\dimen262
\pgf@xy=\dimen263
\pgf@yx=\dimen264
\pgf@yy=\dimen265
\pgf@zx=\dimen266
\pgf@zy=\dimen267
) (/usr/local/texlive/2019/texmf-dist/tex/generic/pgf/basiclayer/pgfcorepathconstruct.code.tex
File: pgfcorepathconstruct.code.tex 2019/04/04 v3.1.2 (3.1.2)
\pgf@path@lastx=\dimen268
\pgf@path@lasty=\dimen269
) (/usr/local/texlive/2019/texmf-dist/tex/generic/pgf/basiclayer/pgfcorepathusage.code.tex
File: pgfcorepathusage.code.tex 2019/04/04 v3.1.2 (3.1.2)
\pgf@shorten@end@additional=\dimen270
\pgf@shorten@start@additional=\dimen271
) (/usr/local/texlive/2019/texmf-dist/tex/generic/pgf/basiclayer/pgfcorescopes.code.tex
File: pgfcorescopes.code.tex 2019/04/04 v3.1.2 (3.1.2)
\pgfpic=\box60
\pgf@hbox=\box61
\pgf@layerbox@main=\box62
\pgf@picture@serial@count=\count295
) (/usr/local/texlive/2019/texmf-dist/tex/generic/pgf/basiclayer/pgfcoregraphicstate.code.tex
File: pgfcoregraphicstate.code.tex 2019/04/04 v3.1.2 (3.1.2)
\pgflinewidth=\dimen272
) (/usr/local/texlive/2019/texmf-dist/tex/generic/pgf/basiclayer/pgfcoretransformations.code.tex
File: pgfcoretransformations.code.tex 2019/04/04 v3.1.2 (3.1.2)
\pgf@pt@x=\dimen273
\pgf@pt@y=\dimen274
\pgf@pt@temp=\dimen275
) (/usr/local/texlive/2019/texmf-dist/tex/generic/pgf/basiclayer/pgfcorequick.code.tex
File: pgfcorequick.code.tex 2019/04/04 v3.1.2 (3.1.2)
) (/usr/local/texlive/2019/texmf-dist/tex/generic/pgf/basiclayer/pgfcoreobjects.code.tex
File: pgfcoreobjects.code.tex 2019/04/04 v3.1.2 (3.1.2)
) (/usr/local/texlive/2019/texmf-dist/tex/generic/pgf/basiclayer/pgfcorepathprocessing.code.tex
File: pgfcorepathprocessing.code.tex 2019/04/04 v3.1.2 (3.1.2)
) (/usr/local/texlive/2019/texmf-dist/tex/generic/pgf/basiclayer/pgfcorearrows.code.tex
File: pgfcorearrows.code.tex 2019/04/04 v3.1.2 (3.1.2)
\pgfarrowsep=\dimen276
) (/usr/local/texlive/2019/texmf-dist/tex/generic/pgf/basiclayer/pgfcoreshade.code.tex
File: pgfcoreshade.code.tex 2019/04/04 v3.1.2 (3.1.2)
\pgf@max=\dimen277
\pgf@sys@shading@range@num=\count296
\pgf@shadingcount=\count297
) (/usr/local/texlive/2019/texmf-dist/tex/generic/pgf/basiclayer/pgfcoreimage.code.tex
File: pgfcoreimage.code.tex 2019/04/04 v3.1.2 (3.1.2)
 (/usr/local/texlive/2019/texmf-dist/tex/generic/pgf/basiclayer/pgfcoreexternal.code.tex
File: pgfcoreexternal.code.tex 2019/04/04 v3.1.2 (3.1.2)
\pgfexternal@startupbox=\box63
)) (/usr/local/texlive/2019/texmf-dist/tex/generic/pgf/basiclayer/pgfcorelayers.code.tex
File: pgfcorelayers.code.tex 2019/04/04 v3.1.2 (3.1.2)
) (/usr/local/texlive/2019/texmf-dist/tex/generic/pgf/basiclayer/pgfcoretransparency.code.tex
File: pgfcoretransparency.code.tex 2019/04/04 v3.1.2 (3.1.2)
) (/usr/local/texlive/2019/texmf-dist/tex/generic/pgf/basiclayer/pgfcorepatterns.code.tex
File: pgfcorepatterns.code.tex 2019/04/04 v3.1.2 (3.1.2)
) (/usr/local/texlive/2019/texmf-dist/tex/generic/pgf/basiclayer/pgfcorerdf.code.tex
File: pgfcorerdf.code.tex 2019/04/04 v3.1.2 (3.1.2)
))) (/usr/local/texlive/2019/texmf-dist/tex/generic/pgf/modules/pgfmoduleshapes.code.tex
File: pgfmoduleshapes.code.tex 2019/04/04 v3.1.2 (3.1.2)
\pgfnodeparttextbox=\box64
) (/usr/local/texlive/2019/texmf-dist/tex/generic/pgf/modules/pgfmoduleplot.code.tex
File: pgfmoduleplot.code.tex 2019/04/04 v3.1.2 (3.1.2)
) (/usr/local/texlive/2019/texmf-dist/tex/latex/pgf/compatibility/pgfcomp-version-0-65.sty
Package: pgfcomp-version-0-65 2019/04/04 v3.1.2 (3.1.2)
\pgf@nodesepstart=\dimen278
\pgf@nodesepend=\dimen279
) (/usr/local/texlive/2019/texmf-dist/tex/latex/pgf/compatibility/pgfcomp-version-1-18.sty
Package: pgfcomp-version-1-18 2019/04/04 v3.1.2 (3.1.2)
)) (/usr/local/texlive/2019/texmf-dist/tex/latex/pgf/utilities/pgffor.sty (/usr/local/texlive/2019/texmf-dist/tex/latex/pgf/utilities/pgfkeys.sty (/usr/local/texlive/2019/texmf-dist/tex/generic/pgf/utilities/pgfkeys.code.tex)) (/usr/local/texlive/2019/texmf-dist/tex/latex/pgf/math/pgfmath.sty (/usr/local/texlive/2019/texmf-dist/tex/generic/pgf/math/pgfmath.code.tex)) (/usr/local/texlive/2019/texmf-dist/tex/generic/pgf/utilities/pgffor.code.tex
Package: pgffor 2019/04/04 v3.1.2 (3.1.2)
 (/usr/local/texlive/2019/texmf-dist/tex/generic/pgf/math/pgfmath.code.tex)
\pgffor@iter=\dimen280
\pgffor@skip=\dimen281
\pgffor@stack=\toks38
\pgffor@toks=\toks39
)) (/usr/local/texlive/2019/texmf-dist/tex/generic/pgf/frontendlayer/tikz/tikz.code.tex
Package: tikz 2019/04/04 v3.1.2 (3.1.2)
 (/usr/local/texlive/2019/texmf-dist/tex/generic/pgf/libraries/pgflibraryplothandlers.code.tex
File: pgflibraryplothandlers.code.tex 2019/04/04 v3.1.2 (3.1.2)
\pgf@plot@mark@count=\count298
\pgfplotmarksize=\dimen282
)
\tikz@lastx=\dimen283
\tikz@lasty=\dimen284
\tikz@lastxsaved=\dimen285
\tikz@lastysaved=\dimen286
\tikzleveldistance=\dimen287
\tikzsiblingdistance=\dimen288
\tikz@figbox=\box65
\tikz@figbox@bg=\box66
\tikz@tempbox=\box67
\tikz@tempbox@bg=\box68
\tikztreelevel=\count299
\tikznumberofchildren=\count300
\tikznumberofcurrentchild=\count301
\tikz@fig@count=\count302
 (/usr/local/texlive/2019/texmf-dist/tex/generic/pgf/modules/pgfmodulematrix.code.tex
File: pgfmodulematrix.code.tex 2019/04/04 v3.1.2 (3.1.2)
\pgfmatrixcurrentrow=\count303
\pgfmatrixcurrentcolumn=\count304
\pgf@matrix@numberofcolumns=\count305
)
\tikz@expandcount=\count306
 (/usr/local/texlive/2019/texmf-dist/tex/generic/pgf/frontendlayer/tikz/libraries/tikzlibrarytopaths.code.tex
File: tikzlibrarytopaths.code.tex 2019/04/04 v3.1.2 (3.1.2)
))) (/usr/local/texlive/2019/texmf-dist/tex/latex/algorithms/algorithm.sty
Invalid UTF-8 byte or sequence at line 11 replaced by U+FFFD.
Package: algorithm 2009/08/24 v0.1 Document Style `algorithm' - floating environment
 (/usr/local/texlive/2019/texmf-dist/tex/latex/float/float.sty
Package: float 2001/11/08 v1.3d Float enhancements (AL)
\c@float@type=\count307
\float@exts=\toks40
\float@box=\box69
\@float@everytoks=\toks41
\@floatcapt=\box70
) (/usr/local/texlive/2019/texmf-dist/tex/latex/base/ifthen.sty
Package: ifthen 2014/09/29 v1.1c Standard LaTeX ifthen package (DPC)
)
\@float@every@algorithm=\toks42
\c@algorithm=\count308
) (/usr/local/texlive/2019/texmf-dist/tex/latex/algorithmicx/algpseudocode.sty
Package: algpseudocode 
 (/usr/local/texlive/2019/texmf-dist/tex/latex/algorithmicx/algorithmicx.sty
Package: algorithmicx 2005/04/27 v1.2 Algorithmicx

Document Style algorithmicx 1.2 - a greatly improved `algorithmic' style
\c@ALG@line=\count309
\c@ALG@rem=\count310
\c@ALG@nested=\count311
\ALG@tlm=\skip77
\ALG@thistlm=\skip78
\c@ALG@Lnr=\count312
\c@ALG@blocknr=\count313
\c@ALG@storecount=\count314
\c@ALG@tmpcounter=\count315
\ALG@tmplength=\skip79
)
Document Style - pseudocode environments for use with the `algorithmicx' style
) (/usr/local/texlive/2019/texmf-dist/tex/latex/geometry/geometry.sty
Package: geometry 2018/04/16 v5.8 Page Geometry
 (/usr/local/texlive/2019/texmf-dist/tex/generic/oberdiek/ifpdf.sty
Package: ifpdf 2018/09/07 v3.3 Provides the ifpdf switch
) (/usr/local/texlive/2019/texmf-dist/tex/generic/oberdiek/ifvtex.sty
Package: ifvtex 2016/05/16 v1.6 Detect VTeX and its facilities (HO)
Package ifvtex Info: VTeX not detected.
)
\Gm@cnth=\count316
\Gm@cntv=\count317
\c@Gm@tempcnt=\count318
\Gm@bindingoffset=\dimen289
\Gm@wd@mp=\dimen290
\Gm@odd@mp=\dimen291
\Gm@even@mp=\dimen292
\Gm@layoutwidth=\dimen293
\Gm@layoutheight=\dimen294
\Gm@layouthoffset=\dimen295
\Gm@layoutvoffset=\dimen296
\Gm@dimlist=\toks43
) (/usr/local/texlive/2019/texmf-dist/tex/latex/subfigure/subfigure.sty
Package: subfigure 2002/03/15 v2.1.5 subfigure package
\subfigtopskip=\skip80
\subfigcapskip=\skip81
\subfigcaptopadj=\dimen297
\subfigbottomskip=\skip82
\subfigcapmargin=\dimen298
\subfiglabelskip=\skip83
\c@subfigure=\count319
\c@lofdepth=\count320
\c@subtable=\count321
\c@lotdepth=\count322

****************************************
* Local config file subfigure.cfg used *
****************************************
(/usr/local/texlive/2019/texmf-dist/tex/latex/subfigure/subfigure.cfg)
\subfig@top=\skip84
\subfig@bottom=\skip85
) (/usr/local/texlive/2019/texmf-dist/tex/latex/booktabs/booktabs.sty
Package: booktabs 2016/04/27 v1.618033 publication quality tables
\heavyrulewidth=\dimen299
\lightrulewidth=\dimen300
\cmidrulewidth=\dimen301
\belowrulesep=\dimen302
\belowbottomsep=\dimen303
\aboverulesep=\dimen304
\abovetopsep=\dimen305
\cmidrulesep=\dimen306
\cmidrulekern=\dimen307
\defaultaddspace=\dimen308
\@cmidla=\count323
\@cmidlb=\count324
\@aboverulesep=\dimen309
\@belowrulesep=\dimen310
\@thisruleclass=\count325
\@lastruleclass=\count326
\@thisrulewidth=\dimen311
) (/usr/local/texlive/2019/texmf-dist/tex/latex/tools/indentfirst.sty
Package: indentfirst 1995/11/23 v1.03 Indent first paragraph (DPC)
) (/usr/local/texlive/2019/texmf-dist/tex/latex/tools/tabularx.sty
Package: tabularx 2016/02/03 v2.11b `tabularx' package (DPC)
 (/usr/local/texlive/2019/texmf-dist/tex/latex/tools/array.sty
Package: array 2018/12/30 v2.4k Tabular extension package (FMi)
\col@sep=\dimen312
\ar@mcellbox=\box71
\extrarowheight=\dimen313
\NC@list=\toks44
\extratabsurround=\skip86
\backup@length=\skip87
\ar@cellbox=\box72
)
\TX@col@width=\dimen314
\TX@old@table=\dimen315
\TX@old@col=\dimen316
\TX@target=\dimen317
\TX@delta=\dimen318
\TX@cols=\count327
\TX@ftn=\toks45
) (/usr/local/texlive/2019/texmf-dist/tex/latex/listings/listings.sty
\lst@mode=\count328
\lst@gtempboxa=\box73
\lst@token=\toks46
\lst@length=\count329
\lst@currlwidth=\dimen319
\lst@column=\count330
\lst@pos=\count331
\lst@lostspace=\dimen320
\lst@width=\dimen321
\lst@newlines=\count332
\lst@lineno=\count333
\lst@maxwidth=\dimen322
 (/usr/local/texlive/2019/texmf-dist/tex/latex/listings/lstmisc.sty
File: lstmisc.sty 2019/02/27 1.8b (Carsten Heinz)
\c@lstnumber=\count334
\lst@skipnumbers=\count335
\lst@framebox=\box74
) (/usr/local/texlive/2019/texmf-dist/tex/latex/listings/listings.cfg
File: listings.cfg 2019/02/27 1.8b listings configuration
))
Package: listings 2019/02/27 1.8b (Carsten Heinz)
 (/usr/local/texlive/2019/texmf-dist/tex/latex/tools/calc.sty
Package: calc 2017/05/25 v4.3 Infix arithmetic (KKT,FJ)
\calc@Acount=\count336
\calc@Bcount=\count337
\calc@Adimen=\dimen323
\calc@Bdimen=\dimen324
\calc@Askip=\skip88
\calc@Bskip=\skip89
LaTeX Info: Redefining \setlength on input line 80.
LaTeX Info: Redefining \addtolength on input line 81.
\calc@Ccount=\count338
\calc@Cskip=\skip90
) (/usr/local/texlive/2019/texmf-dist/tex/latex/lm/lmodern.sty
Package: lmodern 2009/10/30 v1.6 Latin Modern Fonts
LaTeX Font Info:    Overwriting symbol font `operators' in version `normal'
(Font)                  OT1/cmr/m/n --> OT1/lmr/m/n on input line 22.
LaTeX Font Info:    Overwriting symbol font `letters' in version `normal'
(Font)                  OML/cmm/m/it --> OML/lmm/m/it on input line 23.
LaTeX Font Info:    Overwriting symbol font `symbols' in version `normal'
(Font)                  OMS/cmsy/m/n --> OMS/lmsy/m/n on input line 24.
LaTeX Font Info:    Overwriting symbol font `largesymbols' in version `normal'
(Font)                  OMX/cmex/m/n --> OMX/lmex/m/n on input line 25.
LaTeX Font Info:    Overwriting symbol font `operators' in version `bold'
(Font)                  OT1/cmr/bx/n --> OT1/lmr/bx/n on input line 26.
LaTeX Font Info:    Overwriting symbol font `letters' in version `bold'
(Font)                  OML/cmm/b/it --> OML/lmm/b/it on input line 27.
LaTeX Font Info:    Overwriting symbol font `symbols' in version `bold'
(Font)                  OMS/cmsy/b/n --> OMS/lmsy/b/n on input line 28.
LaTeX Font Info:    Overwriting symbol font `largesymbols' in version `bold'
(Font)                  OMX/cmex/m/n --> OMX/lmex/m/n on input line 29.
LaTeX Font Info:    Overwriting math alphabet `\mathbf' in version `normal'
(Font)                  OT1/cmr/bx/n --> OT1/lmr/bx/n on input line 31.
LaTeX Font Info:    Overwriting math alphabet `\mathsf' in version `normal'
(Font)                  OT1/cmss/m/n --> OT1/lmss/m/n on input line 32.
LaTeX Font Info:    Overwriting math alphabet `\mathit' in version `normal'
(Font)                  OT1/cmr/m/it --> OT1/lmr/m/it on input line 33.
LaTeX Font Info:    Overwriting math alphabet `\mathtt' in version `normal'
(Font)                  OT1/cmtt/m/n --> OT1/lmtt/m/n on input line 34.
LaTeX Font Info:    Overwriting math alphabet `\mathbf' in version `bold'
(Font)                  OT1/cmr/bx/n --> OT1/lmr/bx/n on input line 35.
LaTeX Font Info:    Overwriting math alphabet `\mathsf' in version `bold'
(Font)                  OT1/cmss/bx/n --> OT1/lmss/bx/n on input line 36.
LaTeX Font Info:    Overwriting math alphabet `\mathit' in version `bold'
(Font)                  OT1/cmr/bx/it --> OT1/lmr/bx/it on input line 37.
LaTeX Font Info:    Overwriting math alphabet `\mathtt' in version `bold'
(Font)                  OT1/cmtt/m/n --> OT1/lmtt/m/n on input line 38.
) (/usr/local/texlive/2019/texmf-dist/tex/latex/base/fontenc.sty
Package: fontenc 2018/08/11 v2.0j Standard LaTeX package
 (/usr/local/texlive/2019/texmf-dist/tex/latex/base/t1enc.def
File: t1enc.def 2018/08/11 v2.0j Standard LaTeX file
LaTeX Font Info:    Redeclaring font encoding T1 on input line 48.
)
LaTeX Font Info:    Try loading font information for T1+lmr on input line 105.
 (/usr/local/texlive/2019/texmf-dist/tex/latex/lm/t1lmr.fd
File: t1lmr.fd 2009/10/30 v1.6 Font defs for Latin Modern
)) (/usr/local/texlive/2019/texmf-dist/tex/latex/base/textcomp.sty
Package: textcomp 2018/08/11 v2.0j Standard LaTeX package
Package textcomp Info: Sub-encoding information:
(textcomp)               5 = only ISO-Adobe without \textcurrency
(textcomp)               4 = 5 + \texteuro
(textcomp)               3 = 4 + \textohm
(textcomp)               2 = 3 + \textestimated + \textcurrency
(textcomp)               1 = TS1 - \textcircled - \t
(textcomp)               0 = TS1 (full)
(textcomp)             Font families with sub-encoding setting implement
(textcomp)             only a restricted character set as indicated.
(textcomp)             Family '?' is the default used for unknown fonts.
(textcomp)             See the documentation for details.
Package textcomp Info: Setting ? sub-encoding to TS1/1 on input line 79.
 (/usr/local/texlive/2019/texmf-dist/tex/latex/base/ts1enc.def
File: ts1enc.def 2001/06/05 v3.0e (jk/car/fm) Standard LaTeX file
LaTeX Font Info:    Redeclaring font encoding TS1 on input line 47.
)
LaTeX Info: Redefining \oldstylenums on input line 334.
Package textcomp Info: Setting cmr sub-encoding to TS1/0 on input line 349.
Package textcomp Info: Setting cmss sub-encoding to TS1/0 on input line 350.
Package textcomp Info: Setting cmtt sub-encoding to TS1/0 on input line 351.
Package textcomp Info: Setting cmvtt sub-encoding to TS1/0 on input line 352.
Package textcomp Info: Setting cmbr sub-encoding to TS1/0 on input line 353.
Package textcomp Info: Setting cmtl sub-encoding to TS1/0 on input line 354.
Package textcomp Info: Setting ccr sub-encoding to TS1/0 on input line 355.
Package textcomp Info: Setting ptm sub-encoding to TS1/4 on input line 356.
Package textcomp Info: Setting pcr sub-encoding to TS1/4 on input line 357.
Package textcomp Info: Setting phv sub-encoding to TS1/4 on input line 358.
Package textcomp Info: Setting ppl sub-encoding to TS1/3 on input line 359.
Package textcomp Info: Setting pag sub-encoding to TS1/4 on input line 360.
Package textcomp Info: Setting pbk sub-encoding to TS1/4 on input line 361.
Package textcomp Info: Setting pnc sub-encoding to TS1/4 on input line 362.
Package textcomp Info: Setting pzc sub-encoding to TS1/4 on input line 363.
Package textcomp Info: Setting bch sub-encoding to TS1/4 on input line 364.
Package textcomp Info: Setting put sub-encoding to TS1/5 on input line 365.
Package textcomp Info: Setting uag sub-encoding to TS1/5 on input line 366.
Package textcomp Info: Setting ugq sub-encoding to TS1/5 on input line 367.
Package textcomp Info: Setting ul8 sub-encoding to TS1/4 on input line 368.
Package textcomp Info: Setting ul9 sub-encoding to TS1/4 on input line 369.
Package textcomp Info: Setting augie sub-encoding to TS1/5 on input line 370.
Package textcomp Info: Setting dayrom sub-encoding to TS1/3 on input line 371.
Package textcomp Info: Setting dayroms sub-encoding to TS1/3 on input line 372.
Package textcomp Info: Setting pxr sub-encoding to TS1/0 on input line 373.
Package textcomp Info: Setting pxss sub-encoding to TS1/0 on input line 374.
Package textcomp Info: Setting pxtt sub-encoding to TS1/0 on input line 375.
Package textcomp Info: Setting txr sub-encoding to TS1/0 on input line 376.
Package textcomp Info: Setting txss sub-encoding to TS1/0 on input line 377.
Package textcomp Info: Setting txtt sub-encoding to TS1/0 on input line 378.
Package textcomp Info: Setting lmr sub-encoding to TS1/0 on input line 379.
Package textcomp Info: Setting lmdh sub-encoding to TS1/0 on input line 380.
Package textcomp Info: Setting lmss sub-encoding to TS1/0 on input line 381.
Package textcomp Info: Setting lmssq sub-encoding to TS1/0 on input line 382.
Package textcomp Info: Setting lmvtt sub-encoding to TS1/0 on input line 383.
Package textcomp Info: Setting lmtt sub-encoding to TS1/0 on input line 384.
Package textcomp Info: Setting qhv sub-encoding to TS1/0 on input line 385.
Package textcomp Info: Setting qag sub-encoding to TS1/0 on input line 386.
Package textcomp Info: Setting qbk sub-encoding to TS1/0 on input line 387.
Package textcomp Info: Setting qcr sub-encoding to TS1/0 on input line 388.
Package textcomp Info: Setting qcs sub-encoding to TS1/0 on input line 389.
Package textcomp Info: Setting qpl sub-encoding to TS1/0 on input line 390.
Package textcomp Info: Setting qtm sub-encoding to TS1/0 on input line 391.
Package textcomp Info: Setting qzc sub-encoding to TS1/0 on input line 392.
Package textcomp Info: Setting qhvc sub-encoding to TS1/0 on input line 393.
Package textcomp Info: Setting futs sub-encoding to TS1/4 on input line 394.
Package textcomp Info: Setting futx sub-encoding to TS1/4 on input line 395.
Package textcomp Info: Setting futj sub-encoding to TS1/4 on input line 396.
Package textcomp Info: Setting hlh sub-encoding to TS1/3 on input line 397.
Package textcomp Info: Setting hls sub-encoding to TS1/3 on input line 398.
Package textcomp Info: Setting hlst sub-encoding to TS1/3 on input line 399.
Package textcomp Info: Setting hlct sub-encoding to TS1/5 on input line 400.
Package textcomp Info: Setting hlx sub-encoding to TS1/5 on input line 401.
Package textcomp Info: Setting hlce sub-encoding to TS1/5 on input line 402.
Package textcomp Info: Setting hlcn sub-encoding to TS1/5 on input line 403.
Package textcomp Info: Setting hlcw sub-encoding to TS1/5 on input line 404.
Package textcomp Info: Setting hlcf sub-encoding to TS1/5 on input line 405.
Package textcomp Info: Setting pplx sub-encoding to TS1/3 on input line 406.
Package textcomp Info: Setting pplj sub-encoding to TS1/3 on input line 407.
Package textcomp Info: Setting ptmx sub-encoding to TS1/4 on input line 408.
Package textcomp Info: Setting ptmj sub-encoding to TS1/4 on input line 409.
) (/usr/local/texlive/2019/texmf-dist/tex/latex/listings/lstlang1.sty
File: lstlang1.sty 2019/02/27 1.8b listings language file
) (/usr/local/texlive/2019/texmf-dist/tex/latex/listings/lstlang1.sty
File: lstlang1.sty 2019/02/27 1.8b listings language file
) (/usr/local/texlive/2019/texmf-dist/tex/latex/listings/lstmisc.sty
File: lstmisc.sty 2019/02/27 1.8b (Carsten Heinz)
)

Package ctex Warning: Command \CTEXsetup is deprecated.
(ctex)                \ctexset { section = { format={\Large \bfseries } } } is
(ctex)                set.

(/usr/local/texlive/2019/texmf-dist/tex/xelatex/xecjk/xeCJK-listings.sty
Package: xeCJK-listings 2019/04/07 v3.7.2 xeCJK patch file for listings
\l__xeCJK_listings_max_char_int=\count339
\l__xeCJK_listings_flag_int=\count340
) (./TARS_Specification.aux)
\openout1 = `TARS_Specification.aux'.

LaTeX Font Info:    Checking defaults for OML/cmm/m/it on input line 116.
LaTeX Font Info:    ... okay on input line 116.
LaTeX Font Info:    Checking defaults for T1/cmr/m/n on input line 116.
LaTeX Font Info:    ... okay on input line 116.
LaTeX Font Info:    Checking defaults for OT1/cmr/m/n on input line 116.
LaTeX Font Info:    ... okay on input line 116.
LaTeX Font Info:    Checking defaults for OMS/cmsy/m/n on input line 116.
LaTeX Font Info:    ... okay on input line 116.
LaTeX Font Info:    Checking defaults for TU/lmr/m/n on input line 116.
LaTeX Font Info:    ... okay on input line 116.
LaTeX Font Info:    Checking defaults for OMX/cmex/m/n on input line 116.
LaTeX Font Info:    ... okay on input line 116.
LaTeX Font Info:    Checking defaults for U/cmr/m/n on input line 116.
LaTeX Font Info:    ... okay on input line 116.
LaTeX Font Info:    Checking defaults for TS1/cmr/m/n on input line 116.
LaTeX Font Info:    ... okay on input line 116.
 ABD: EverySelectfont initializing macros
LaTeX Info: Redefining \selectfont on input line 116.
 ABD: EveryShipout initializing macros
*geometry* driver: auto-detecting
*geometry* detected driver: xetex
*geometry* verbose mode - [ preamble ] result:
* driver: xetex
* paper: <default>
* layout: <same size as paper>
* layoutoffset:(h,v)=(0.0pt,0.0pt)
* modes: 
* h-part:(L,W,R)=(92.14519pt, 430.00462pt, 92.14519pt)
* v-part:(T,H,B)=(95.39737pt, 556.47656pt, 143.09605pt)
* \paperwidth=614.295pt
* \paperheight=794.96999pt
* \textwidth=469.75499pt
* \textheight=650.43pt
* \oddsidemargin=0.0pt
* \evensidemargin=0.0pt
* \topmargin=-32.52127pt
* \headheight=12.0pt
* \headsep=18.06749pt
* \topskip=10.0pt
* \footskip=30.0pt
* \marginparwidth=65.0pt
* \marginparsep=11.0pt
* \columnsep=10.0pt
* \skip\footins=9.0pt plus 4.0pt minus 2.0pt
* \hoffset=0.0pt
* \voffset=0.0pt
* \mag=1000
* \@twocolumnfalse
* \@twosidefalse
* \@mparswitchfalse
* \@reversemarginfalse
* (1in=72.27pt=25.4mm, 1cm=28.453pt)

\c@lstlisting=\count341
LaTeX Font Info:    Try loading font information for OT1+lmr on input line 132.
(/usr/local/texlive/2019/texmf-dist/tex/latex/lm/ot1lmr.fd
File: ot1lmr.fd 2009/10/30 v1.6 Font defs for Latin Modern
)
LaTeX Font Info:    Try loading font information for OML+lmm on input line 132.
 (/usr/local/texlive/2019/texmf-dist/tex/latex/lm/omllmm.fd
File: omllmm.fd 2009/10/30 v1.6 Font defs for Latin Modern
)
LaTeX Font Info:    Try loading font information for OMS+lmsy on input line 132.
 (/usr/local/texlive/2019/texmf-dist/tex/latex/lm/omslmsy.fd
File: omslmsy.fd 2009/10/30 v1.6 Font defs for Latin Modern
)
LaTeX Font Info:    Try loading font information for OMX+lmex on input line 132.
 (/usr/local/texlive/2019/texmf-dist/tex/latex/lm/omxlmex.fd
File: omxlmex.fd 2009/10/30 v1.6 Font defs for Latin Modern
)
LaTeX Font Info:    External font `lmex10' loaded for size
(Font)              <18.06749> on input line 132.
LaTeX Font Info:    External font `lmex10' loaded for size
(Font)              <15.05624> on input line 132.
LaTeX Font Info:    External font `lmex10' loaded for size
(Font)              <12.045> on input line 132.
LaTeX Font Info:    Try loading font information for U+msa on input line 132.
 (/usr/local/texlive/2019/texmf-dist/tex/latex/amsfonts/umsa.fd
File: umsa.fd 2013/01/14 v3.01 AMS symbols A
)
LaTeX Font Info:    Try loading font information for U+msb on input line 132.
 (/usr/local/texlive/2019/texmf-dist/tex/latex/amsfonts/umsb.fd
File: umsb.fd 2013/01/14 v3.01 AMS symbols B
) [1

]
Underfull \hbox (badness 10000) in paragraph at lines 156--158

 []


Underfull \hbox (badness 10000) in paragraph at lines 159--161

 []

LaTeX Font Info:    Try loading font information for TS1+lmr on input line 164.
(/usr/local/texlive/2019/texmf-dist/tex/latex/lm/ts1lmr.fd
File: ts1lmr.fd 2009/10/30 v1.6 Font defs for Latin Modern
)
Underfull \hbox (badness 10000) in paragraph at lines 176--178

 []


Package Fancyhdr Warning: \headheight is too small (12.0pt): 
Make it at least 12.64723pt.
We now make it that large for the rest of the document.
This may cause the page layout to be inconsistent, however.

[1] [2] [3] (./TARS_Specification.aux) ) 
Here is how much of TeX's memory you used:
 30837 strings out of 492916
 683128 string characters out of 6133345
 891678 words of memory out of 5000000
 34419 multiletter control sequences out of 15000+600000
 572599 words of font info for 72 fonts, out of 8000000 for 9000
 1348 hyphenation exceptions out of 8191
 60i,12n,73p,894b,446s stack positions out of 5000i,500n,10000p,200000b,80000s

Output written on TARS_Specification.pdf (4 pages).
